<?xml version="1.0" encoding="UTF-8"?>
<!-- Generated by org.testng.reporters.JUnitReportReporter -->
<testsuite hostname="DESKTOP-NBJ195T" name="testcase.SignUpLogin" tests="3" failures="0" timestamp="9 Jan 2020 05:11:54 GMT" time="209.914" errors="0">
  <testcase name="forgetPassword" time="66.890" classname="testcase.SignUpLogin"/>
  <testcase name="LoginNovica" time="62.936" classname="testcase.SignUpLogin"/>
  <testcase name="userSignup" time="80.088" classname="testcase.SignUpLogin"/>
</testsuite> <!-- testcase.SignUpLogin -->
