<?xml version="1.0" encoding="UTF-8"?>
<!-- Generated by org.testng.reporters.JUnitReportReporter -->
<testsuite hostname="DESKTOP-NBJ195T" name="testcase.AddressBook" tests="2" failures="0" timestamp="9 Jan 2020 05:11:54 GMT" time="222.591" errors="0">
  <testcase name="removeAddress1" time="91.641" classname="testcase.AddressBook"/>
  <testcase name="crticalPathSameAddress" time="130.950" classname="testcase.AddressBook"/>
</testsuite> <!-- testcase.AddressBook -->
