<?xml version="1.0" encoding="UTF-8"?>
<!-- Generated by org.testng.reporters.JUnitReportReporter -->
<testsuite hostname="DESKTOP-NBJ195T" name="testcase.Wishlist" tests="3" failures="0" timestamp="9 Jan 2020 05:11:54 GMT" time="371.477" errors="0">
  <testcase name="removeWishlist" time="72.287" classname="testcase.Wishlist"/>
  <testcase name="wishlistProduct" time="91.626" classname="testcase.Wishlist"/>
  <testcase name="WishlisttocartUsingExpress" time="207.564" classname="testcase.Wishlist"/>
</testsuite> <!-- testcase.Wishlist -->
