<?xml version="1.0" encoding="UTF-8"?>
<!-- Generated by org.testng.reporters.JUnitReportReporter -->
<testsuite hostname="DESKTOP-NBJ195T" name="testcase.WholeSale" tests="1" failures="0" timestamp="9 Jan 2020 05:11:54 GMT" time="295.132" errors="0">
  <testcase name="crticalPathFlowWholeSale" time="295.132" classname="testcase.WholeSale"/>
</testsuite> <!-- testcase.WholeSale -->
