<?xml version="1.0" encoding="UTF-8"?>
<!-- Generated by org.testng.reporters.JUnitReportReporter -->
<testsuite hostname="DESKTOP-NBJ195T" name="testcases.SignInSignUp" tests="1" failures="0" timestamp="15 Nov 2019 10:48:25 GMT" time="61.306" errors="0">
  <testcase name="signup" time="61.306" classname="testcases.SignInSignUp"/>
</testsuite> <!-- testcases.SignInSignUp -->
