<?xml version="1.0" encoding="UTF-8"?>
<!-- Generated by org.testng.reporters.JUnitReportReporter -->
<testsuite hostname="DESKTOP-NBJ195T" name="testcases.CrticalPathFlow" tests="1" failures="0" timestamp="11 Feb 2020 06:49:00 GMT" time="82.375" errors="0">
  <testcase name="typeandsearch" time="82.375" classname="testcases.CrticalPathFlow"/>
</testsuite> <!-- testcases.CrticalPathFlow -->
