<?xml version="1.0" encoding="UTF-8"?>
<!-- Generated by org.testng.reporters.JUnitReportReporter -->
<testsuite hostname="DESKTOP-NBJ195T" name="testcase.SignUpLogin" tests="3" failures="0" timestamp="8 Jan 2020 06:34:22 GMT" time="141.529" errors="0">
  <testcase name="userSignup" time="51.528" classname="testcase.SignUpLogin"/>
  <testcase name="LoginUnicefUS" time="41.755" classname="testcase.SignUpLogin"/>
  <testcase name="forgetPassword" time="48.246" classname="testcase.SignUpLogin"/>
</testsuite> <!-- testcase.SignUpLogin -->
