<?xml version="1.0" encoding="UTF-8"?>
<!-- Generated by org.testng.reporters.JUnitReportReporter -->
<testsuite hostname="DESKTOP-NBJ195T" name="testcases.CriticalPathFlow" tests="1" failures="0" timestamp="13 Feb 2020 12:16:42 GMT" time="73.372" errors="0">
  <testcase name="typeandsearch" time="73.372" classname="testcases.CriticalPathFlow"/>
</testsuite> <!-- testcases.CriticalPathFlow -->
