<?xml version="1.0" encoding="UTF-8"?>
<!-- Generated by org.testng.reporters.JUnitReportReporter -->
<testsuite hostname="DESKTOP-NBJ195T" name="testcase.Signup" tests="1" failures="0" timestamp="21 Jan 2020 06:25:48 GMT" time="31.668" errors="0">
  <testcase name="LoginNovica" time="31.668" classname="testcase.Signup"/>
</testsuite> <!-- testcase.Signup -->
